<?xml version="1.0" encoding="UTF-8"?>
<!-- Generated by org.testng.reporters.JUnitReportReporter -->
<testsuite hostname="DESKTOP-8VQT9RL" failures="0" tests="2" name="testNG_Test.Annotation_test" time="0.012" errors="0" timestamp="2022-05-09T13:51:16 IST" skipped="0">
  <testcase classname="testNG_Test.Annotation_test" name="Test2" time="0.003"/>
  <system-out/>
  <testcase classname="testNG_Test.Annotation_test" name="Test1" time="0.009"/>
  <system-out/>
</testsuite> <!-- testNG_Test.Annotation_test -->
