<?xml version="1.0" encoding="UTF-8"?>
<!-- Generated by org.testng.reporters.JUnitReportReporter -->
<testsuite hostname="DESKTOP-8VQT9RL" failures="0" tests="1" name="test.ChildBrowserclose" time="26.099" errors="0" timestamp="2022-05-20T16:55:43 IST" skipped="0">
  <testcase classname="test.ChildBrowserclose" name="method" time="26.099"/>
  <system-out/>
</testsuite> <!-- test.ChildBrowserclose -->
