<?xml version="1.0" encoding="UTF-8"?>
<!-- Generated by org.testng.reporters.JUnitReportReporter -->
<testsuite hostname="DESKTOP-8VQT9RL" failures="0" tests="1" name="testNG_Test.TestPom" time="9.179" errors="0" timestamp="2022-05-16T12:04:13 IST" skipped="0">
  <testcase classname="testNG_Test.TestPom" name="verifyTest" time="9.179"/>
  <system-out/>
</testsuite> <!-- testNG_Test.TestPom -->
