<?xml version="1.0" encoding="UTF-8"?>
<!-- Generated by org.testng.reporters.JUnitReportReporter -->
<testsuite hostname="DESKTOP-8VQT9RL" failures="0" tests="1" name="testNG_Test.iframeHandling" time="12.992" errors="0" timestamp="2022-05-20T12:04:14 IST" skipped="0">
  <testcase classname="testNG_Test.iframeHandling" name="handleiFrame" time="12.992"/>
  <system-out/>
</testsuite> <!-- testNG_Test.iframeHandling -->
