<?xml version="1.0" encoding="UTF-8"?>
<!-- Generated by org.testng.reporters.JUnitReportReporter -->
<testsuite hostname="DESKTOP-8VQT9RL" failures="0" tests="1" name="testNG_Test.Test1" time="3.801" errors="0" timestamp="2022-05-09T14:04:38 IST" skipped="0">
  <testcase classname="testNG_Test.Test1" name="performTest" time="3.801"/>
  <system-out/>
</testsuite> <!-- testNG_Test.Test1 -->
